<?xml version="1.0" encoding="UTF-8"?>
<!-- Generated by org.testng.reporters.JUnitXMLReporter -->
<testsuite ignored="0" hostname="HP-PC" failures="0" tests="3" name="Test" time="23.649" errors="0" timestamp="2024-01-05T14:19:08 IST">
  <testcase classname="datadriventesting2024.Ddt2024FailedMuddamFithrow" name="test500" time="7.355"/>
  <testcase classname="datadriventesting2024.Ddtt2024Onerow" name="test100" time="6.928"/>
  <testcase classname="datadriventesting2024.Ddt2024SecondRow" name="test200" time="9.298"/>
</testsuite> <!-- Test -->
